qiskit_runtime_service._discover_account:WARNING:2026-06-06 22:42:03,725: Loading account with the given token. A saved account will not be used.
qiskit_runtime_service._discover_account:WARNING:2026-06-06 22:42:18,316: Loading account with the given token. A saved account will not be used.
qiskit_runtime_service._discover_account:WARNING:2026-06-06 22:42:32,321: Loading account with the given token. A saved account will not be used.
{
  "status": "run",
  "system": "planted-cluster synthetic, DENSE blocks on hardware",
  "n": 60,
  "backend": "ibm_boston",
  "shots": 4096,
  "discovered_sizes": [
    20,
    20,
    20
  ],
  "cut_fraction": 0.1868,
  "per_cluster": [
    {
      "members": [
        0,
        1,
        2,
        3,
        4,
        5,
        6,
        7,
        8,
        9,
        10,
        11,
        12,
        13,
        14,
        15,
        16,
        17,
        18,
        19
      ],
      "qubits": 20,
      "entanglers": 190,
      "approx_two_qubit_gates_pretranspile": 380,
      "target_within_abs_corr": 0.2383
    },
    {
      "members": [
        20,
        21,
        22,
        23,
        24,
        25,
        26,
        27,
        28,
        29,
        30,
        31,
        32,
        33,
        34,
        35,
        36,
        37,
        38,
        39
      ],
      "qubits": 20,
      "entanglers": 190,
      "approx_two_qubit_gates_pretranspile": 380,
      "target_within_abs_corr": 0.2412
    },
    {
      "members": [
        40,
        41,
        42,
        43,
        44,
        45,
        46,
        47,
        48,
        49,
        50,
        51,
        52,
        53,
        54,
        55,
        56,
        57,
        58,
        59
      ],
      "qubits": 20,
      "entanglers": 190,
      "approx_two_qubit_gates_pretranspile": 380,
      "target_within_abs_corr": 0.2359
    }
  ],
  "hardware_per_cluster": [
    {
      "cluster": 0,
      "members": [
        0,
        1,
        2,
        3,
        4,
        5,
        6,
        7,
        8,
        9,
        10,
        11,
        12,
        13,
        14,
        15,
        16,
        17,
        18,
        19
      ],
      "backend": "ibm_boston",
      "job_id": "d8i7g4he8nrc73bi07g0",
      "circuit_depth": 997,
      "two_qubit_gates": 827,
      "marginal_rmse_vs_target": 0.3242,
      "target_within_abs_corr": 0.2383,
      "observed_within_abs_corr": 0.062,
      "samples_file": "cluster0_ibm_boston_d8i7g4he8nrc73bi07g0.npz"
    },
    {
      "cluster": 1,
      "members": [
        20,
        21,
        22,
        23,
        24,
        25,
        26,
        27,
        28,
        29,
        30,
        31,
        32,
        33,
        34,
        35,
        36,
        37,
        38,
        39
      ],
      "backend": "ibm_boston",
      "job_id": "d8i7g89e8nrc73bi07jg",
      "circuit_depth": 979,
      "two_qubit_gates": 810,
      "marginal_rmse_vs_target": 0.22691,
      "target_within_abs_corr": 0.2412,
      "observed_within_abs_corr": 0.1058,
      "samples_file": "cluster1_ibm_boston_d8i7g89e8nrc73bi07jg.npz"
    },
    {
      "cluster": 2,
      "members": [
        40,
        41,
        42,
        43,
        44,
        45,
        46,
        47,
        48,
        49,
        50,
        51,
        52,
        53,
        54,
        55,
        56,
        57,
        58,
        59
      ],
      "backend": "ibm_boston",
      "job_id": "d8i7gbtv8cos73f58aug",
      "circuit_depth": 748,
      "two_qubit_gates": 775,
      "marginal_rmse_vs_target": 0.23805,
      "target_within_abs_corr": 0.2359,
      "observed_within_abs_corr": 0.1221,
      "samples_file": "cluster2_ibm_boston_d8i7gbtv8cos73f58aug.npz"
    }
  ],
  "fitted_beta": 0.20292,
  "target_cross_corr": 0.02603,
  "achieved_cross_corr": 0.02672,
  "n_samples": 4096,
  "diagnostics": {
    "reference": {
      "cross_cluster_corr": 0.02421708735288287,
      "joint_tail_excess": 0.0009765625,
      "mean_default_count": 3.11962890625,
      "cascade_count_cvar": 60.0,
      "mean_cascade_count": 20.27075
    },
    "reconciled": {
      "marginal_rmse_vs_ref": 0.26641697344634535,
      "cross_cluster_corr": 0.02672186409755593,
      "cross_cluster_corr_abs_err_vs_ref": 0.0025047767446730596,
      "count_tv_vs_ref": 0.803955078125,
      "count_kl_vs_ref": 8.288714152801191,
      "tail_count_l1_vs_ref": 0.03662109375,
      "joint_tail_excess": 0.03727142792433771,
      "joint_tail_excess_abs_err_vs_ref": 0.03629486542433771,
      "cascade_count_cvar": 60.0,
      "cascade_count_cvar_abs_err_vs_ref": 0.0,
      "mean_cascade_count": 59.28925
    },
    "independent": {
      "marginal_rmse_vs_ref": 0.2671570576508215,
      "cross_cluster_corr": -0.0005254168292293013,
      "cross_cluster_corr_abs_err_vs_ref": 0.02474250418211217,
      "count_tv_vs_ref": 0.8427734375,
      "count_kl_vs_ref": 8.877559589952671,
      "tail_count_l1_vs_ref": 0.014892578125,
      "joint_tail_excess": 0.01552334980831486,
      "joint_tail_excess_abs_err_vs_ref": 0.01454678730831486,
      "cascade_count_cvar": 60.0,
      "cascade_count_cvar_abs_err_vs_ref": 0.0,
      "mean_cascade_count": 59.81425
    }
  }
}
